#
# There is insufficient memory for the Java Runtime Environment to continue.
# Native memory allocation (mmap) failed to map 201326592 bytes for G1 virtual space
# Possible reasons:
#   The system is out of physical RAM or swap space
#   The process is running with CompressedOops enabled, and the Java Heap may be blocking the growth of the native heap
# Possible solutions:
#   Reduce memory load on the system
#   Increase physical memory or swap space
#   Check if swap backing store is full
#   Decrease Java heap size (-Xmx/-Xms)
#   Decrease number of Java threads
#   Decrease Java thread stack sizes (-Xss)
#   Set larger code cache with -XX:ReservedCodeCacheSize=
#   JVM is running with Zero Based Compressed Oops mode in which the Java heap is
#     placed in the first 32GB address space. The Java Heap base address is the
#     maximum limit for the native heap growth. Please use -XX:HeapBaseMinAddress
#     to set the Java Heap base and to place the Java Heap above 32GB virtual address.
# This output file may be truncated or incomplete.
#
#  Out of Memory Error (os_windows.cpp:3466), pid=26576, tid=23392
#
# JRE version:  (16.0.1+9) (build )
# Java VM: Java HotSpot(TM) 64-Bit Server VM (16.0.1+9-24, mixed mode, sharing, tiered, compressed oops, compressed class ptrs, g1 gc, windows-amd64)
# No core dump will be written. Minidumps are not enabled by default on client versions of Windows
#

---------------  S U M M A R Y ------------

Command Line: -javaagent:D:\Program Files\JetBrains\IntelliJ IDEA Community Edition 2021.1.1\lib\idea_rt.jar=61734:D:\Program Files\JetBrains\IntelliJ IDEA Community Edition 2021.1.1\bin -Dfile.encoding=UTF-8 Tablice

Host: Intel(R) Core(TM) i7-4600U CPU @ 2.10GHz, 4 cores, 11G,  Windows 10 , 64 bit Build 18362 (10.0.18362.1110)
Time: Wed Jun  2 20:42:48 2021 Œrodkowoeuropejski czas letni elapsed time: 0.037078 seconds (0d 0h 0m 0s)

---------------  T H R E A D  ---------------

Current thread (0x00000171719cadf0):  JavaThread "Unknown thread" [_thread_in_vm, id=23392, stack(0x000000511be00000,0x000000511bf00000)]

Stack: [0x000000511be00000,0x000000511bf00000]
Native frames: (J=compiled Java code, j=interpreted, Vv=VM code, C=native code)
V  [jvm.dll+0x6687ca]
V  [jvm.dll+0x7ca3c9]
V  [jvm.dll+0x7cbb53]
V  [jvm.dll+0x7cc1b3]
V  [jvm.dll+0x242ea5]
V  [jvm.dll+0x665589]
V  [jvm.dll+0x65a175]
V  [jvm.dll+0x2fc5ab]
V  [jvm.dll+0x3037a6]
V  [jvm.dll+0x352fee]
V  [jvm.dll+0x35321f]
V  [jvm.dll+0x2d3618]
V  [jvm.dll+0x2d4854]
V  [jvm.dll+0x79ccb1]
V  [jvm.dll+0x360de1]
V  [jvm.dll+0x77a990]
V  [jvm.dll+0x3e55af]
V  [jvm.dll+0x3e7081]
C  [jli.dll+0x52fb]
C  [ucrtbase.dll+0x210b2]
C  [KERNEL32.DLL+0x17c24]
C  [ntdll.dll+0x6d4d1]


---------------  P R O C E S S  ---------------

Threads class SMR info:
_java_thread_list=0x00007ffe8ab0cbb8, length=0, elements={
}

Java Threads: ( => current thread )

Other Threads:
  0x0000017171a0f360 GCTaskThread "GC Thread#0" [stack: 0x000000511bf00000,0x000000511c000000] [id=27600]
  0x0000017171a1c2b0 ConcurrentGCThread "G1 Main Marker" [stack: 0x000000511c000000,0x000000511c100000] [id=16996]
  0x0000017171a1cda0 ConcurrentGCThread "G1 Conc#0" [stack: 0x000000511c100000,0x000000511c200000] [id=23764]

[error occurred during error reporting (printing all threads), id 0xc0000005, EXCEPTION_ACCESS_VIOLATION (0xc0000005) at pc=0x00007ffe8a2e44d7]

VM state: not at safepoint (not fully initialized)

VM Mutex/Monitor currently owned by a thread:  ([mutex/lock_event])
[0x00000171719c89b0] Heap_lock - owner thread: 0x00000171719cadf0

Heap address: 0x0000000741e00000, size: 3042 MB, Compressed Oops mode: Zero based, Oop shift amount: 3

CDS archive(s) mapped at: [0x0000000000000000-0x0000000000000000-0x0000000000000000), size 0, SharedBaseAddress: 0x0000000800000000, ArchiveRelocationMode: 0.
Narrow klass base: 0x0000000000000000, Narrow klass shift: 0, Narrow klass range: 0x0

GC Precious Log:
<Empty>

Heap:
 garbage-first heap   total 0K, used 0K [0x0000000741e00000, 0x0000000800000000)
  region size 2048K, 0 young (0K), 0 survivors (0K)

[error occurred during error reporting (printing heap information), id 0xc0000005, EXCEPTION_ACCESS_VIOLATION (0xc0000005) at pc=0x00007ffe8a6c24ed]

GC Heap History (0 events):
No events

Deoptimization events (0 events):
No events

Classes unloaded (0 events):
No events

Classes redefined (0 events):
No events

Internal exceptions (0 events):
No events

Events (1 events):
Event: 0.029 Loaded shared library C:\Program Files\Java\jdk-16.0.1\bin\java.dll


Dynamic libraries:
0x00007ff711bb0000 - 0x00007ff711bc0000 	C:\Program Files\Java\jdk-16.0.1\bin\java.exe
0x00007ffee4180000 - 0x00007ffee4370000 	C:\WINDOWS\SYSTEM32\ntdll.dll
0x00007ffee4060000 - 0x00007ffee4112000 	C:\WINDOWS\System32\KERNEL32.DLL
0x00007ffee1730000 - 0x00007ffee19d5000 	C:\WINDOWS\System32\KERNELBASE.dll
0x00007ffee1590000 - 0x00007ffee168a000 	C:\WINDOWS\System32\ucrtbase.dll
0x00007ffedc030000 - 0x00007ffedc048000 	C:\Program Files\Java\jdk-16.0.1\bin\jli.dll
0x00007ffee2980000 - 0x00007ffee2a23000 	C:\WINDOWS\System32\ADVAPI32.dll
0x00007ffee2700000 - 0x00007ffee279e000 	C:\WINDOWS\System32\msvcrt.dll
0x00007ffee2b80000 - 0x00007ffee2c17000 	C:\WINDOWS\System32\sechost.dll
0x00007ffee2480000 - 0x00007ffee25a0000 	C:\WINDOWS\System32\RPCRT4.dll
0x00007ffee3550000 - 0x00007ffee36e4000 	C:\WINDOWS\System32\USER32.dll
0x00007ffee19e0000 - 0x00007ffee1a01000 	C:\WINDOWS\System32\win32u.dll
0x00007ffee2c20000 - 0x00007ffee2c46000 	C:\WINDOWS\System32\GDI32.dll
0x00007ffee13f0000 - 0x00007ffee1586000 	C:\WINDOWS\System32\gdi32full.dll
0x00007ffee1690000 - 0x00007ffee172e000 	C:\WINDOWS\System32\msvcp_win.dll
0x00007ffedc010000 - 0x00007ffedc029000 	C:\Program Files\Java\jdk-16.0.1\bin\VCRUNTIME140.dll
0x00007ffec30e0000 - 0x00007ffec3364000 	C:\WINDOWS\WinSxS\amd64_microsoft.windows.common-controls_6595b64144ccf1df_6.0.18362.1256_none_9e7e379be45e40e2\COMCTL32.dll
0x00007ffee30d0000 - 0x00007ffee3406000 	C:\WINDOWS\System32\combase.dll
0x00007ffee1a10000 - 0x00007ffee1a91000 	C:\WINDOWS\System32\bcryptPrimitives.dll
0x00007ffed8c50000 - 0x00007ffed8c5a000 	C:\WINDOWS\SYSTEM32\VERSION.dll
0x00007ffee2450000 - 0x00007ffee247e000 	C:\WINDOWS\System32\IMM32.DLL
0x00007ffedc3a0000 - 0x00007ffedc3ac000 	C:\Program Files\Java\jdk-16.0.1\bin\vcruntime140_1.dll
0x00007ffead6f0000 - 0x00007ffead781000 	C:\Program Files\Java\jdk-16.0.1\bin\msvcp140.dll
0x00007ffe8a000000 - 0x00007ffe8abab000 	C:\Program Files\Java\jdk-16.0.1\bin\server\jvm.dll
0x00007ffee2a40000 - 0x00007ffee2a48000 	C:\WINDOWS\System32\PSAPI.DLL
0x00007ffec5510000 - 0x00007ffec5519000 	C:\WINDOWS\SYSTEM32\WSOCK32.dll
0x00007ffee23e0000 - 0x00007ffee244f000 	C:\WINDOWS\System32\WS2_32.dll
0x00007ffedd030000 - 0x00007ffedd054000 	C:\WINDOWS\SYSTEM32\WINMM.dll
0x00007ffedd000000 - 0x00007ffedd02d000 	C:\WINDOWS\SYSTEM32\WINMMBASE.dll
0x00007ffee1200000 - 0x00007ffee124a000 	C:\WINDOWS\System32\cfgmgr32.dll
0x00007ffee1030000 - 0x00007ffee1041000 	C:\WINDOWS\System32\kernel.appcore.dll
0x00007ffeda260000 - 0x00007ffeda26a000 	C:\Program Files\Java\jdk-16.0.1\bin\jimage.dll
0x00007ffed8120000 - 0x00007ffed8314000 	C:\WINDOWS\SYSTEM32\DBGHELP.DLL
0x00007ffec4b00000 - 0x00007ffec4b2a000 	C:\WINDOWS\SYSTEM32\dbgcore.DLL
0x00007ffecb7f0000 - 0x00007ffecb7fe000 	C:\Program Files\Java\jdk-16.0.1\bin\instrument.dll
0x00007ffebc920000 - 0x00007ffebc945000 	C:\Program Files\Java\jdk-16.0.1\bin\java.dll

dbghelp: loaded successfully - version: 4.0.5 - missing functions: none
symbol engine: initialized successfully - sym options: 0x614 - pdb path: .;C:\Program Files\Java\jdk-16.0.1\bin;C:\WINDOWS\SYSTEM32;C:\WINDOWS\WinSxS\amd64_microsoft.windows.common-controls_6595b64144ccf1df_6.0.18362.1256_none_9e7e379be45e40e2;C:\Program Files\Java\jdk-16.0.1\bin\server

VM Arguments:
jvm_args: -javaagent:D:\Program Files\JetBrains\IntelliJ IDEA Community Edition 2021.1.1\lib\idea_rt.jar=61734:D:\Program Files\JetBrains\IntelliJ IDEA Community Edition 2021.1.1\bin -Dfile.encoding=UTF-8 
java_command: Tablice
java_class_path (initial): D:\Selenium\java\out\production\Selenium
Launcher Type: SUN_STANDARD

[Global flags]
     intx CICompilerCount                          = 3                                         {product} {ergonomic}
     uint ConcGCThreads                            = 1                                         {product} {ergonomic}
     uint G1ConcRefinementThreads                  = 4                                         {product} {ergonomic}
   size_t G1HeapRegionSize                         = 2097152                                   {product} {ergonomic}
    uintx GCDrainStackTargetSize                   = 64                                        {product} {ergonomic}
   size_t InitialHeapSize                          = 201326592                                 {product} {ergonomic}
   size_t MarkStackSize                            = 4194304                                   {product} {ergonomic}
   size_t MaxHeapSize                              = 3189768192                                {product} {ergonomic}
   size_t MinHeapDeltaBytes                        = 2097152                                   {product} {ergonomic}
   size_t MinHeapSize                              = 8388608                                   {product} {ergonomic}
    uintx NonNMethodCodeHeapSize                   = 5832780                                {pd product} {ergonomic}
    uintx NonProfiledCodeHeapSize                  = 122912730                              {pd product} {ergonomic}
    uintx ProfiledCodeHeapSize                     = 122912730                              {pd product} {ergonomic}
    uintx ReservedCodeCacheSize                    = 251658240                              {pd product} {ergonomic}
     bool SegmentedCodeCache                       = true                                      {product} {ergonomic}
   size_t SoftMaxHeapSize                          = 3189768192                             {manageable} {ergonomic}
     bool UseCompressedClassPointers               = true                           {product lp64_product} {ergonomic}
     bool UseCompressedOops                        = true                           {product lp64_product} {ergonomic}
     bool UseG1GC                                  = true                                      {product} {ergonomic}
     bool UseLargePagesIndividualAllocation        = false                                  {pd product} {ergonomic}

Logging:
Log output configuration:
 #0: stdout all=warning uptime,level,tags
 #1: stderr all=off uptime,level,tags

Environment Variables:
CLASSPATH=.;C:\Program Files (x86)\Java\jre1.5.0_11\lib\ext\QTJava.zip
PATH=C:\Program Files\Common Files\Oracle\Java\javapath;C:\WINDOWS\system32;C:\WINDOWS;C:\WINDOWS\System32\Wbem;C:\WINDOWS\System32\WindowsPowerShell\v1.0\;C:\ProgramData\chocolatey\bin;C:\WINDOWS\System32\OpenSSH\;C:\Program Files\Intel\WiFi\bin\;C:\Program Files\Common Files\Intel\WirelessCommon\;D:\Program Files (x86)\QuickTime\QTSystem\;C:\WINDOWS\Microsoft.NET\Framework\v2.0.50727;C:\Program Files (x86)\Boxcryptor\bin\;D:\Program Files (x86)\maven\apache-maven-3.8.1\bin;D:\Program Files\Git\cmd;C:\Users\arkad\AppData\Local\Microsoft\WindowsApps;C:\Program Files\Intel\WiFi\bin\;C:\Program Files\Common Files\Intel\WirelessCommon\;D:\Program Files\JetBrains\IntelliJ IDEA Community Edition 2021.1.1\bin;
USERNAME=arkad
OS=Windows_NT
PROCESSOR_IDENTIFIER=Intel64 Family 6 Model 69 Stepping 1, GenuineIntel



---------------  S Y S T E M  ---------------

OS:
 Windows 10 , 64 bit Build 18362 (10.0.18362.1110)
OS uptime: 28 days 0:05 hours

CPU: total 4 (initial active 4) (2 cores per cpu, 2 threads per core) family 6 model 69 stepping 1 microcode 0x25, cx8, cmov, fxsr, ht, mmx, sse, sse2, sse3, ssse3, sse4.1, sse4.2, popcnt, lzcnt, tsc, tscinvbit, avx, avx2, aes, erms, clmul, bmi1, bmi2, fma, vzeroupper, clflush

Memory: 4k page, system-wide physical 12166M (1968M free)
TotalPageFile size 21982M (AvailPageFile size 48M)
current process WorkingSet (physical memory assigned to process): 10M, peak: 10M
current process commit charge ("private bytes"): 51M, peak: 243M

vm_info: Java HotSpot(TM) 64-Bit Server VM (16.0.1+9-24) for windows-amd64 JRE (16.0.1+9-24), built on Mar 26 2021 19:31:42 by "mach5one" with MS VC++ 16.7 (VS2019)

END.
